2020-11-25 10:50:15,094 [      0]   INFO -        #com.intellij.idea.Main - ------------------------------------------------------ IDE STARTED ------------------------------------------------------ 
2020-11-25 10:50:15,094 [      0]   INFO - llij.ide.gdpr.EndUserAgreement - euaEap: C:\Users\FEisinger\AppData\Roaming\JetBrains\PrivacyPolicy\euaEap.cached 
2020-11-25 10:50:15,158 [     64]   INFO -        #com.intellij.idea.Main - IDE: CLion (build #CL-203.5981.40, 19 Nov 2020 06:01) 
2020-11-25 10:50:15,158 [     64]   INFO -        #com.intellij.idea.Main - OS: Windows 10 (10.0, amd64) 
2020-11-25 10:50:15,158 [     64]   INFO -        #com.intellij.idea.Main - JRE: 11.0.9+11-b1145.15 (JetBrains s.r.o.) 
2020-11-25 10:50:15,158 [     64]   INFO -        #com.intellij.idea.Main - JVM: 11.0.9+11-b1145.15 (OpenJDK 64-Bit Server VM) 
2020-11-25 10:50:15,173 [     79]   INFO -        #com.intellij.idea.Main - JVM Args: exit -Xss2m -Xms256m -Xmx2000m -XX:NewSize=128m -XX:MaxNewSize=128m -XX:ReservedCodeCacheSize=512m -XX:+UseConcMarkSweepGC -XX:SoftRefLRUPolicyMSPerMB=50 -XX:CICompilerCount=2 -XX:+HeapDumpOnOutOfMemoryError -XX:-OmitStackTraceInFastThrow -ea -Dsun.io.useCanonCaches=false -Djdk.http.auth.tunneling.disabledSchemes="" -Djdk.attach.allowAttachSelf=true -Djdk.module.illegalAccess.silent=true -Dkotlinx.coroutines.debug=off -Dide.no.platform.update=true -Djb.vmOptionsFile=C:\Users\FEisinger\AppData\Local\JetBrains\Toolbox\apps\CLion\ch-0\203.5981.40.vmoptions -Djava.library.path=C:\Users\FEisinger\AppData\Local\JetBrains\Toolbox\apps\CLion\ch-0\203.5981.40\jbr\\bin;C:\Users\FEisinger\AppData\Local\JetBrains\Toolbox\apps\CLion\ch-0\203.5981.40\jbr\\bin\server -Didea.platform.prefix=CLion -Dide.native.launcher=true -Didea.vendor.name=JetBrains -Didea.paths.selector=CLion2020.3 -XX:ErrorFile=C:\Users\FEisinger\java_error_in_clion64_%p.log -XX:HeapDumpPath=C:\Users\FEisinger\java_error_in_clion64.hprof 
2020-11-25 10:50:15,173 [     79]   INFO -        #com.intellij.idea.Main - library path: C:\Users\FEisinger\AppData\Local\JetBrains\Toolbox\apps\CLion\ch-0\203.5981.40\jbr\\bin;C:\Users\FEisinger\AppData\Local\JetBrains\Toolbox\apps\CLion\ch-0\203.5981.40\jbr\\bin\server 
2020-11-25 10:50:15,173 [     79]   INFO -        #com.intellij.idea.Main - boot library path: C:\Users\FEisinger\AppData\Local\JetBrains\Toolbox\apps\CLion\ch-0\203.5981.40\jbr\bin 
2020-11-25 10:50:15,205 [    111]   INFO -        #com.intellij.idea.Main - locale=en_US JNU=Cp1252 file.encoding=Cp1252
  idea.config.path=C:\Users\FEisinger\AppData\Roaming\JetBrains\CLion2020.3
  idea.system.path=C:\Users\FEisinger\AppData\Local\JetBrains\CLion2020.3
  idea.plugins.path=C:\Users\FEisinger\AppData\Roaming\JetBrains\CLion2020.3\plugins
  idea.log.path=C:\Users\FEisinger\AppData\Local\JetBrains\CLion2020.3\log 
2020-11-25 10:50:15,611 [    517]   INFO -        #com.intellij.idea.Main - JNA library (64-bit) loaded in 406 ms 
2020-11-25 10:50:15,627 [    533]   INFO - penapi.util.io.win32.IdeaWin32 - Native filesystem for Windows is operational 
2020-11-25 10:50:15,973 [    879]   INFO - ntellij.idea.ApplicationLoader - CPU cores: 6; ForkJoinPool.commonPool: java.util.concurrent.ForkJoinPool@29c612a8[Running, parallelism = 5, size = 0, active = 0, running = 0, steals = 0, tasks = 0, submissions = 0]; factory: com.intellij.concurrency.IdeaForkJoinWorkerThreadFactory@1e390f4e 
2020-11-25 10:50:16,036 [    942]   INFO - llij.ide.plugins.PluginManager - Loaded bundled plugins: IDEA CORE (203.5981.40), CIDR Base (203.5981.40), C/C++ Language Support (203.5981.40), Clangd support (203.5981.40), com.intellij.platform.images (203.5981.40), HTML Tools (203.5981.40), Perforce (203.5981.40), Subversion (203.5981.40), XPathView + XSLT (203.5981.40), IDE Settings Sync (203.5981.40), CLion IDE (203.5981.40), Compilation Database (203.5981.40), Embedded Development Support (203.5981.40), CLion Diagnostics (203.5981.40), CLion CTest (203.5981.40), CLion Boost.Test (203.5981.40), CLion Catch (203.5981.40), CLion Doctest (203.5981.40), CLion Google Testing and Mocking Framework (203.5981.40), Machine Learning Code Completion (203.5981.40), Machine Learning Code Completion Models (203.5981.40), Completion Stats Collector (203.5981.40), Configuration Script (203.5981.40), CSS (203.5981.40), Less (203.5981.40), Sass (203.5981.40), Stylus (203.5981.40), UML (203.5981.40), Gradle (203.5981.40), Gradle Native (203.5981.40), Windows 10 Light Theme (203.5981.40), Task Management (203.5981.40), Time Tracking (203.5981.40), Performance Testing (203.5981.40), FTP/SFTP Connectivity (ex. Remote Hosts Access) (203.5981.40), Remote Hosts Data Access (203.5981.40), Mercurial (203.5981.40), Terminal (203.5981.40), Git (203.5981.40), ChangeReminder (203.5981.40), GitHub (203.5981.40), SSH Remote Run (203.5981.40), Shell Script (203.5981.40), Makefile (203.5981.40), TextMate Bundles (203.5981.40), YAML (203.5981.40), ClangFormat (203.5981.40), Settings Repository (203.5981.40), IntelliLang (203.5981.40), Python Community Edition (203.5981.40), Markdown (203.5981.40), JavaScript and TypeScript (203.5981.40), JavaScript Intention Power Pack (203.5981.40), JavaScript Debugger (203.5981.40), TSLint (203.5981.40), Database Tools and SQL (203.5981.40), CoffeeScript (203.5981.40), HTTP Client (203.5981.40), CIDR-Markdown (203.5981.40), CLion IntelliLang (203.5981.40) 
2020-11-25 10:50:16,347 [   1253]   INFO - m.intellij.util.io.StorageLock - lower=100; upper=500; buffer=10; max=1967 
2020-11-25 10:50:16,363 [   1269]   INFO - tellij.util.io.FileChannelUtil - uninterruptible FileChannels will be used for indexes 
2020-11-25 10:50:16,457 [   1363]   INFO - intellij.diagnostic.JitWatcher - JIT compilation state checking enabled 
2020-11-25 10:50:16,472 [   1378]   INFO - til.net.ssl.CertificateManager - Default SSL context initialized 
2020-11-25 10:50:16,488 [   1394]   INFO - rationStore.ComponentStoreImpl - Registering unknown macros PATH in component PropertiesComponent 
2020-11-25 10:50:16,488 [   1394]   INFO - rationStore.ComponentStoreImpl - Registering unknown macros PATH in component PropertiesComponent 
2020-11-25 10:50:16,582 [   1488]   INFO - rains.ide.BuiltInServerManager - built-in server started, port 63342 
2020-11-25 10:50:16,582 [   1488]   INFO - com.intellij.ide.ui.UISettings - Loaded: fontSize=13, fontScale=1.0; restored: fontSize=13, fontScale=1.0 
2020-11-25 10:50:16,597 [   1503]   INFO - com.intellij.ide.ui.UISettings - Loaded: fontSize=11, fontScale=null; restored: fontSize=12, fontScale=1.0 
2020-11-25 10:50:16,597 [   1503]   INFO - com.intellij.ide.ui.UISettings - Loaded: fontSize=11, fontScale=null; restored: fontSize=12, fontScale=1.0 
2020-11-25 10:50:17,206 [   2112]   INFO - cloudConfig.CloudConfigManager - === Start.updateInitStatus === 
2020-11-25 10:50:17,206 [   2112]   INFO - cloudConfig.CloudConfigManager - === Start: JBA_NOT_CONNECTED (0ms) === 
2020-11-25 10:50:17,206 [   2112]   INFO - cloudConfig.CloudConfigManager - === calculateInitStatus === 
2020-11-25 10:50:17,253 [   2159]   INFO - pl.local.NativeFileWatcherImpl - Starting file watcher: C:\Users\FEisinger\AppData\Local\JetBrains\Toolbox\apps\CLion\ch-0\203.5981.40\bin\fsnotifier64.exe 
2020-11-25 10:50:17,269 [   2175]   INFO - pl.local.NativeFileWatcherImpl - Native file watcher is operational. 
2020-11-25 10:50:17,285 [   2191]   INFO - pi.vfs.impl.wsl.WslFileWatcher - WSL file watcher: C:\Users\FEisinger\AppData\Local\JetBrains\Toolbox\apps\CLion\ch-0\203.5981.40\bin\fsnotifier-wsl 
2020-11-25 10:50:17,581 [   2487]   INFO - leBasedIndexDataInitialization - Initialization done: 1015 
2020-11-25 10:50:17,644 [   2550]   INFO - BridgeProjectLifecycleListener - Using workspace model to open project 
2020-11-25 10:50:17,660 [   2566]   INFO - .cloudConfig.CloudConfigClient - === Get cloud config URL: https://cloudconfig.jetbrains.com/cloudconfig/files === 
2020-11-25 10:50:17,923 [   2829]   INFO - cloudConfig.CloudConfigManager - === calculateInitStatus.value: JBA_NOT_CONNECTED === 
2020-11-25 10:50:17,939 [   2845]   INFO - exImpl$StubIndexInitialization - Initialization done: 347 
2020-11-25 10:50:18,242 [   3148]   INFO - penapi.application.Experiments - Experimental features enabled for user: wsl.p9.support, wsl.p9.show.roots.in.file.chooser, wsl.execute.with.wsl.exe, inline.browse.button, linux.native.menu, recent.and.edited.files.together, show.create.new.element.in.popup, search.everywhere.mixed.results, copy.reference.popup, i18n.match.actions, edit.run.configurations.while.dumb, new.large.text.file.viewer, problems.view.project.errors.enabled, terminal.shell.command.handling 
2020-11-25 10:50:18,242 [   3148]   INFO - penapi.application.Experiments - Experimental feature 'editor.reader.mode' is now turned OFF 
2020-11-25 10:50:18,383 [   3289]   INFO - rojectCodeStyleSettingsManager - Initialized from default code style settings. 
2020-11-25 10:50:18,398 [   3304]   INFO - on.JpsProjectModelSynchronizer - Workspace model loaded without cache. Loading real project state into workspace model. Thread[ApplicationImpl pooled thread 2,4,Idea Thread Group] 
2020-11-25 10:50:19,272 [   4178]   INFO -              PerformancePlugin - Performance Plugin is in silent mode 
2020-11-25 10:50:19,554 [   4460]   INFO - om.jetbrains.cidr.cpp.makefile - Opening Makefile "clion" project 
2020-11-25 10:50:19,803 [   4709]   INFO - pl.ProjectRootManagerComponent - project roots have changed (trace_hash = 1414739627) 
java.lang.Throwable
	at com.intellij.openapi.roots.impl.ProjectRootManagerComponent.synchronizeRoots(ProjectRootManagerComponent.java:305)
	at com.intellij.openapi.roots.impl.ProjectRootManagerComponent.fireRootsChangedEvent(ProjectRootManagerComponent.java:205)
	at com.intellij.openapi.roots.impl.ProjectRootManagerImpl.fireRootsChanged(ProjectRootManagerImpl.java:459)
	at com.intellij.openapi.roots.impl.ProjectRootManagerImpl$1.fireRootsChanged(ProjectRootManagerImpl.java:146)
	at com.intellij.openapi.roots.impl.ProjectRootManagerImpl$1.fireRootsChanged(ProjectRootManagerImpl.java:143)
	at com.intellij.openapi.roots.impl.ProjectRootManagerImpl$BatchSession.lambda$levelDown$0(ProjectRootManagerImpl.java:89)
	at com.intellij.openapi.application.WriteAction.run(WriteAction.java:102)
	at com.intellij.openapi.roots.impl.ProjectRootManagerImpl$BatchSession.levelDown(ProjectRootManagerImpl.java:89)
	at com.intellij.openapi.roots.impl.ProjectRootManagerImpl.mergeRootsChangesDuring(ProjectRootManagerImpl.java:405)
	at com.jetbrains.cidr.external.system.workspace.ExternalWorkspace$initialize$1.run(ExternalWorkspace.kt:92)
	at com.intellij.openapi.application.impl.ApplicationImpl.runWriteAction(ApplicationImpl.java:1000)
	at com.jetbrains.cidr.external.system.workspace.ExternalWorkspace.initialize(ExternalWorkspace.kt:90)
	at com.jetbrains.cidr.cpp.makefile.MakefileUtil.linkMakefileProject(MakefileUtil.kt:185)
	at com.jetbrains.cidr.cpp.makefile.wizard.MakefileProjectOpenProcessor.doOpenProject(MakefileProjectOpenProcessor.kt:31)
	at com.intellij.ide.impl.ProjectUtil.lambda$chooseProcessorAndOpen$7(ProjectUtil.java:255)
	at com.intellij.openapi.application.TransactionGuardImpl.runWithWritingAllowed(TransactionGuardImpl.java:216)
	at com.intellij.openapi.application.TransactionGuardImpl.access$200(TransactionGuardImpl.java:24)
	at com.intellij.openapi.application.TransactionGuardImpl$2.run(TransactionGuardImpl.java:199)
	at com.intellij.openapi.application.impl.ApplicationImpl.runIntendedWriteActionOnCurrentThread(ApplicationImpl.java:822)
	at com.intellij.openapi.application.impl.ApplicationImpl.lambda$invokeAndWait$8(ApplicationImpl.java:476)
	at com.intellij.openapi.application.impl.LaterInvocator$1.run(LaterInvocator.java:126)
	at com.intellij.openapi.application.impl.FlushQueue.doRun(FlushQueue.java:85)
	at com.intellij.openapi.application.impl.FlushQueue.runNextEvent(FlushQueue.java:134)
	at com.intellij.openapi.application.impl.FlushQueue.flushNow(FlushQueue.java:47)
	at com.intellij.openapi.application.impl.FlushQueue$FlushNow.run(FlushQueue.java:190)
	at java.desktop/java.awt.event.InvocationEvent.dispatch(InvocationEvent.java:313)
	at java.desktop/java.awt.EventQueue.dispatchEventImpl(EventQueue.java:776)
	at java.desktop/java.awt.EventQueue$4.run(EventQueue.java:727)
	at java.desktop/java.awt.EventQueue$4.run(EventQueue.java:721)
	at java.base/java.security.AccessController.doPrivileged(Native Method)
	at java.base/java.security.ProtectionDomain$JavaSecurityAccessImpl.doIntersectionPrivilege(ProtectionDomain.java:85)
	at java.desktop/java.awt.EventQueue.dispatchEvent(EventQueue.java:746)
	at com.intellij.ide.IdeEventQueue.defaultDispatchEvent(IdeEventQueue.java:976)
	at com.intellij.ide.IdeEventQueue._dispatchEvent(IdeEventQueue.java:843)
	at com.intellij.ide.IdeEventQueue.lambda$dispatchEvent$8(IdeEventQueue.java:454)
	at com.intellij.openapi.progress.impl.CoreProgressManager.computePrioritized(CoreProgressManager.java:773)
	at com.intellij.ide.IdeEventQueue.lambda$dispatchEvent$9(IdeEventQueue.java:453)
	at com.intellij.openapi.application.impl.ApplicationImpl.runIntendedWriteActionOnCurrentThread(ApplicationImpl.java:822)
	at com.intellij.ide.IdeEventQueue.dispatchEvent(IdeEventQueue.java:501)
	at java.desktop/java.awt.EventDispatchThread.pumpOneEventForFilters(EventDispatchThread.java:203)
	at java.desktop/java.awt.EventDispatchThread.pumpEventsForFilter(EventDispatchThread.java:124)
	at java.desktop/java.awt.EventDispatchThread.pumpEventsForHierarchy(EventDispatchThread.java:113)
	at java.desktop/java.awt.EventDispatchThread.pumpEvents(EventDispatchThread.java:109)
	at java.desktop/java.awt.EventDispatchThread.pumpEvents(EventDispatchThread.java:101)
	at java.desktop/java.awt.EventDispatchThread.run(EventDispatchThread.java:90)
2020-11-25 10:50:19,881 [   4787]   INFO - oudConfig.StatusBarInfoManager - === StatusBar.update another widget: null === 
2020-11-25 10:50:19,881 [   4787]   INFO - cloudConfig.CloudConfigManager - === End.updateInitStatus === 
2020-11-25 10:50:19,881 [   4787]   INFO - gs.impl.UpdateCheckerComponent - channel: eap 
2020-11-25 10:50:20,324 [   5230]   INFO - System.util.ExternalSystemUtil - External project [D:/clion] resolution task started 
2020-11-25 10:50:20,498 [   5404]   INFO - ge.ExternalProjectsDataStorage - Load external projects data in 224 millis (read time: 219) 
2020-11-25 10:50:20,551 [   5457]   INFO - ngd.lsp.ClangDaemonContextImpl - Using clangd from: C:\Users\FEisinger\AppData\Local\JetBrains\Toolbox\apps\CLion\ch-0\203.5981.40\bin\clang\win\clangd.exe 
2020-11-25 10:50:20,715 [   5621]   INFO - ProjectRootPostStartUpActivity - D:/clion/.idea case-sensitivity: expected=false actual=false 
2020-11-25 10:50:20,732 [   5638]   INFO - j.ide.script.IdeStartupScripts - 0 startup script(s) found 
2020-11-25 10:50:20,732 [   5638]   INFO - .diagnostic.PerformanceWatcher - Post-startup activities under progress took 1365ms; general responsiveness: ok; EDT responsiveness: 0/1 sluggish, 1/1 very slow 
2020-11-25 10:50:22,740 [   7646]   INFO - om.jetbrains.cidr.cpp.makefile - MakefileResolverState: Starting make: make clean 
2020-11-25 10:50:22,809 [   7715]   INFO - oudConfig.StatusBarInfoManager - === StatusBar.start create === 
2020-11-25 10:50:22,892 [   7798]   INFO - ctest.CTestProjectTestsUpdater - No selected configuration 
2020-11-25 10:50:22,968 [   7874]   INFO - tor.impl.FileEditorManagerImpl - Project opening took 5392 ms 
2020-11-25 10:50:23,207 [   8113]   INFO - om.jetbrains.cidr.cpp.makefile - MakefileResolverState: Starting make: make --just-print --print-directory --keep-going all 
2020-11-25 10:50:23,463 [   8369]   INFO - om.jetbrains.cidr.cpp.makefile - make stdout> !:: = ::# environment 
2020-11-25 10:50:23,465 [   8371]   INFO - om.jetbrains.cidr.cpp.makefile - make stdout> vpath %.cpp src 
2020-11-25 10:50:23,466 [   8372]   INFO - om.jetbrains.cidr.cpp.makefile - make stdout> vpath %.h src 
2020-11-25 10:50:23,466 [   8372]   INFO - om.jetbrains.cidr.cpp.makefile - make stdout> vpath %.sh tools 
2020-11-25 10:50:23,466 [   8372]   INFO - om.jetbrains.cidr.cpp.makefile - make stdout> vpath %.o build 
2020-11-25 10:50:23,467 [   8373]   INFO - om.jetbrains.cidr.cpp.makefile - make stdout> vpath %.d build 
2020-11-25 10:50:23,500 [   8406]   INFO - System.util.ExternalSystemUtil - External project [D:/clion] resolution task executed in 3176 ms. 
2020-11-25 10:50:23,877 [   8783]   INFO - llij.database.util.SqlDialects - SQL dialects initialized in 0 ms 
2020-11-25 10:50:23,902 [   8808]   INFO - rationStore.ComponentStoreImpl - Saving appInspectionProfileManager took 16 ms 
2020-11-25 10:50:23,920 [   8826]   INFO - .diagnostic.PerformanceWatcher - Pushing properties took 77ms; general responsiveness: ok; EDT responsiveness: ok 
2020-11-25 10:50:23,977 [   8883]   INFO - ge.ExternalProjectsDataStorage - Save external projects data in 27 ms 
2020-11-25 10:50:24,389 [   9295]   INFO - rationStore.ComponentStoreImpl - Saving Project(name=clion, containerState=COMPONENT_CREATED, componentStore=D:\clion)MakefileBuildTargetsManager took 16 ms, RunManager took 357 ms, XDebuggerManager took 22 ms 
2020-11-25 10:50:24,517 [   9423]   INFO - .diagnostic.PerformanceWatcher - Indexable file iteration took 596ms; general responsiveness: ok; EDT responsiveness: ok 
2020-11-25 10:50:24,520 [   9426]   INFO - indexing.UnindexedFilesUpdater - Unindexed files update started: 1 files to index 
2020-11-25 10:50:24,523 [   9429]   INFO - indexing.UnindexedFilesUpdater - Using 4 threads for indexing 
2020-11-25 10:50:24,543 [   9449]   INFO - .diagnostic.PerformanceWatcher - Unindexed files update took 22ms; general responsiveness: ok; EDT responsiveness: ok 
2020-11-25 10:50:24,543 [   9449]   INFO - snapshot.SnapshotInputMappings - Snapshot mappings stats for TodoIndex. requests: 0, hits: 0, misses: 0 
2020-11-25 10:50:24,543 [   9449]   INFO - snapshot.SnapshotInputMappings - Snapshot mappings stats for IdIndex. requests: 0, hits: 0, misses: 0 
2020-11-25 10:50:24,543 [   9449]   INFO - snapshot.SnapshotInputMappings - Snapshot mappings stats for Trigram.Index. requests: 0, hits: 0, misses: 0 
2020-11-25 10:50:24,543 [   9449]   INFO - snapshot.SnapshotInputMappings - Snapshot mappings stats for HashFragmentIndex. requests: 0, hits: 0, misses: 0 
2020-11-25 10:50:24,565 [   9471]   INFO - .diagnostic.PerformanceWatcher - Pushing properties took 2ms; general responsiveness: ok; EDT responsiveness: ok 
2020-11-25 10:50:24,570 [   9476]   INFO - .diagnostic.PerformanceWatcher - Indexable file iteration took 4ms; general responsiveness: ok; EDT responsiveness: ok 
2020-11-25 10:50:24,571 [   9477]   INFO - indexing.UnindexedFilesUpdater - Unindexed files update started: 0 files to index 
2020-11-25 10:50:24,580 [   9486]   INFO -       #com.jetbrains.cidr.lang - Clearing symbols finished in 2 ms 
2020-11-25 10:50:24,586 [   9492]   INFO -       #com.jetbrains.cidr.lang - Loading Header Maps finished in 5 ms 
2020-11-25 10:50:24,591 [   9497]   INFO -       #com.jetbrains.cidr.lang - Loading Headers Search Roots finished in 1 ms 
2020-11-25 10:50:24,618 [   9524]   INFO - .jetbrains.cidr.lang.modulemap - Loaded 0 module maps in 0 packs for 0 search roots 
2020-11-25 10:50:24,618 [   9524]   INFO -       #com.jetbrains.cidr.lang - Loading Module Maps finished in 27 ms 
2020-11-25 10:50:24,792 [   9698]   INFO -       #com.jetbrains.cidr.lang - Loaded 0 tables for 0 files (0 project files) 
2020-11-25 10:50:24,792 [   9698]   INFO -       #com.jetbrains.cidr.lang - Loading symbols finished in 173 ms 
2020-11-25 10:50:24,799 [   9705]   INFO - .jetbrains.cidr.lang.modulemap - Building module maps for 0 (root, configuration) pairs 
2020-11-25 10:50:24,804 [   9710]   INFO -       #com.jetbrains.cidr.lang - Building module maps finished in 0 ms 
2020-11-25 10:50:24,804 [   9710]   INFO -       #com.jetbrains.cidr.lang - Processing module maps finished in 0 ms 
2020-11-25 10:50:24,805 [   9711]   INFO -       #com.jetbrains.cidr.lang - Saved 0 module maps in 0 packs 
2020-11-25 10:50:24,810 [   9716]   INFO -       #com.jetbrains.cidr.lang - Saving Module Maps finished in 5 ms 
2020-11-25 10:50:24,811 [   9717]   INFO -       #com.jetbrains.cidr.lang - Building symbols for 0 source files 
2020-11-25 10:50:24,818 [   9724]   INFO -       #com.jetbrains.cidr.lang - Updating symbols finished in 1 ms 
2020-11-25 10:50:24,818 [   9724]   INFO -       #com.jetbrains.cidr.lang - Building symbols for 0 unused headers 
2020-11-25 10:50:24,818 [   9724]   INFO -       #com.jetbrains.cidr.lang - Updating symbols finished in 0 ms 
2020-11-25 10:50:24,818 [   9724]   INFO -       #com.jetbrains.cidr.lang - Updating symbols finished in 0 ms 
2020-11-25 10:50:24,819 [   9725]   INFO -       #com.jetbrains.cidr.lang - Building symbols in FAST mode, 0 source files from total 0 project files 
2020-11-25 10:50:24,826 [   9732]   INFO -       #com.jetbrains.cidr.lang - Saving modified symbols for 0 files (0 tables of total 0) 
2020-11-25 10:50:24,828 [   9734]   INFO -       #com.jetbrains.cidr.lang - Saving symbols finished in 4 ms 
2020-11-25 10:50:27,805 [  12711]   INFO - gnostic.WindowsDefenderChecker - Windows Defender status: Failed to get excluded patterns 
2020-11-25 10:50:36,658 [  21564]   INFO - rationStore.ComponentStoreImpl - Saving Project(name=clion, containerState=COMPONENT_CREATED, componentStore=D:\clion)RunManager took 16 ms 
2020-11-25 10:50:45,975 [  30881]   INFO - rationStore.ComponentStoreImpl - Saving Project(name=clion, containerState=COMPONENT_CREATED, componentStore=D:\clion)RunManager took 39 ms 
2020-11-25 10:50:56,505 [  41411]   INFO - rationStore.ComponentStoreImpl - Saving Project(name=clion, containerState=COMPONENT_CREATED, componentStore=D:\clion)RunManager took 31 ms 
2020-11-25 10:51:00,044 [  44950]   INFO - oader.EventLogExternalUploader - Started external process for uploading event log 
2020-11-25 10:51:00,202 [  45108]   INFO - rationStore.ComponentStoreImpl - Saving appFileTypeManager took 18 ms, PluginFeatureService took 13 ms 
2020-11-25 10:51:00,388 [  45294]   INFO - pl.local.NativeFileWatcherImpl - Watcher terminated with exit code 0 
2020-11-25 10:51:00,403 [  45309]   INFO - .impl.FileTypeDetectionService - 0 auto-detected files. Detection took 0 ms 
2020-11-25 10:51:00,403 [  45309]   INFO - org.jetbrains.io.BuiltInServer - web server stopped 
2020-11-25 10:51:00,450 [  45356]   INFO - il.indexing.FileBasedIndexImpl - START INDEX SHUTDOWN 
2020-11-25 10:51:00,466 [  45372]   INFO - tellij.psi.stubs.StubIndexImpl - StubIndexExtension-s were unloaded 
2020-11-25 10:51:00,466 [  45372]   INFO - il.indexing.FileBasedIndexImpl - END INDEX SHUTDOWN 
2020-11-25 10:51:00,466 [  45372]   INFO - newvfs.persistent.PersistentFS - VFS dispose started 
2020-11-25 10:51:00,513 [  45419]   INFO - newvfs.persistent.PersistentFS - VFS dispose completed 
2020-11-25 10:51:00,513 [  45419]   INFO - stubs.SerializationManagerImpl - Start shutting down C:\Users\FEisinger\AppData\Local\JetBrains\CLion2020.3\index\rep.names 
2020-11-25 10:51:00,513 [  45419]   INFO - stubs.SerializationManagerImpl - Finished shutting down C:\Users\FEisinger\AppData\Local\JetBrains\CLion2020.3\index\rep.names 
2020-11-25 10:51:00,513 [  45419]   INFO -        #com.intellij.idea.Main - ------------------------------------------------------ IDE SHUTDOWN ------------------------------------------------------ 
2020-11-25 10:51:00,528 [  45434]   INFO - org.jetbrains.io.BuiltInServer - web server stopped 
