2020-11-25 11:06:14,127 [      0]   INFO -        #com.intellij.idea.Main - ------------------------------------------------------ IDE STARTED ------------------------------------------------------ 
2020-11-25 11:06:14,146 [     19]   INFO - llij.ide.gdpr.EndUserAgreement - euaEap: C:\Users\FEisinger\AppData\Roaming\JetBrains\PrivacyPolicy\euaEap.cached 
2020-11-25 11:06:14,199 [     72]   INFO -        #com.intellij.idea.Main - IDE: CLion (build #CL-203.5981.40, 19 Nov 2020 06:01) 
2020-11-25 11:06:14,200 [     73]   INFO -        #com.intellij.idea.Main - OS: Windows 10 (10.0, amd64) 
2020-11-25 11:06:14,208 [     81]   INFO -        #com.intellij.idea.Main - JRE: 11.0.9+11-b1145.15 (JetBrains s.r.o.) 
2020-11-25 11:06:14,217 [     90]   INFO -        #com.intellij.idea.Main - JVM: 11.0.9+11-b1145.15 (OpenJDK 64-Bit Server VM) 
2020-11-25 11:06:14,217 [     90]   INFO -        #com.intellij.idea.Main - JVM Args: exit -Xss2m -Xms256m -Xmx2000m -XX:NewSize=128m -XX:MaxNewSize=128m -XX:ReservedCodeCacheSize=512m -XX:+UseConcMarkSweepGC -XX:SoftRefLRUPolicyMSPerMB=50 -XX:CICompilerCount=2 -XX:+HeapDumpOnOutOfMemoryError -XX:-OmitStackTraceInFastThrow -ea -Dsun.io.useCanonCaches=false -Djdk.http.auth.tunneling.disabledSchemes="" -Djdk.attach.allowAttachSelf=true -Djdk.module.illegalAccess.silent=true -Dkotlinx.coroutines.debug=off -Dide.no.platform.update=true -Djb.vmOptionsFile=C:\Users\FEisinger\AppData\Local\JetBrains\Toolbox\apps\CLion\ch-0\203.5981.40.vmoptions -Djava.library.path=C:\Users\FEisinger\AppData\Local\JetBrains\Toolbox\apps\CLion\ch-0\203.5981.40\jbr\\bin;C:\Users\FEisinger\AppData\Local\JetBrains\Toolbox\apps\CLion\ch-0\203.5981.40\jbr\\bin\server -Didea.platform.prefix=CLion -Dide.native.launcher=true -Didea.vendor.name=JetBrains -Didea.paths.selector=CLion2020.3 -XX:ErrorFile=C:\Users\FEisinger\java_error_in_clion64_%p.log -XX:HeapDumpPath=C:\Users\FEisinger\java_error_in_clion64.hprof 
2020-11-25 11:06:14,218 [     91]   INFO -        #com.intellij.idea.Main - library path: C:\Users\FEisinger\AppData\Local\JetBrains\Toolbox\apps\CLion\ch-0\203.5981.40\jbr\\bin;C:\Users\FEisinger\AppData\Local\JetBrains\Toolbox\apps\CLion\ch-0\203.5981.40\jbr\\bin\server 
2020-11-25 11:06:14,218 [     91]   INFO -        #com.intellij.idea.Main - boot library path: C:\Users\FEisinger\AppData\Local\JetBrains\Toolbox\apps\CLion\ch-0\203.5981.40\jbr\bin 
2020-11-25 11:06:14,250 [    123]   INFO -        #com.intellij.idea.Main - locale=en_US JNU=Cp1252 file.encoding=Cp1252
  idea.config.path=C:\Users\FEisinger\AppData\Roaming\JetBrains\CLion2020.3
  idea.system.path=C:\Users\FEisinger\AppData\Local\JetBrains\CLion2020.3
  idea.plugins.path=C:\Users\FEisinger\AppData\Roaming\JetBrains\CLion2020.3\plugins
  idea.log.path=C:\Users\FEisinger\AppData\Local\JetBrains\CLion2020.3\log 
2020-11-25 11:06:14,648 [    521]   INFO -        #com.intellij.idea.Main - JNA library (64-bit) loaded in 397 ms 
2020-11-25 11:06:14,654 [    527]   INFO - penapi.util.io.win32.IdeaWin32 - Native filesystem for Windows is operational 
2020-11-25 11:06:15,035 [    908]   INFO - ntellij.idea.ApplicationLoader - CPU cores: 6; ForkJoinPool.commonPool: java.util.concurrent.ForkJoinPool@40a2710[Running, parallelism = 5, size = 0, active = 0, running = 0, steals = 0, tasks = 0, submissions = 0]; factory: com.intellij.concurrency.IdeaForkJoinWorkerThreadFactory@298e6451 
2020-11-25 11:06:15,091 [    964]   INFO - llij.ide.plugins.PluginManager - Loaded bundled plugins: IDEA CORE (203.5981.40), CIDR Base (203.5981.40), C/C++ Language Support (203.5981.40), Clangd support (203.5981.40), com.intellij.platform.images (203.5981.40), HTML Tools (203.5981.40), Perforce (203.5981.40), Subversion (203.5981.40), XPathView + XSLT (203.5981.40), IDE Settings Sync (203.5981.40), CLion IDE (203.5981.40), Compilation Database (203.5981.40), Embedded Development Support (203.5981.40), CLion Diagnostics (203.5981.40), CLion CTest (203.5981.40), CLion Boost.Test (203.5981.40), CLion Catch (203.5981.40), CLion Doctest (203.5981.40), CLion Google Testing and Mocking Framework (203.5981.40), Machine Learning Code Completion (203.5981.40), Machine Learning Code Completion Models (203.5981.40), Completion Stats Collector (203.5981.40), Configuration Script (203.5981.40), CSS (203.5981.40), Less (203.5981.40), Sass (203.5981.40), Stylus (203.5981.40), UML (203.5981.40), Gradle (203.5981.40), Gradle Native (203.5981.40), Windows 10 Light Theme (203.5981.40), Task Management (203.5981.40), Time Tracking (203.5981.40), Performance Testing (203.5981.40), FTP/SFTP Connectivity (ex. Remote Hosts Access) (203.5981.40), Remote Hosts Data Access (203.5981.40), Mercurial (203.5981.40), Terminal (203.5981.40), Git (203.5981.40), ChangeReminder (203.5981.40), GitHub (203.5981.40), SSH Remote Run (203.5981.40), Shell Script (203.5981.40), Makefile (203.5981.40), TextMate Bundles (203.5981.40), YAML (203.5981.40), ClangFormat (203.5981.40), Settings Repository (203.5981.40), IntelliLang (203.5981.40), Python Community Edition (203.5981.40), Markdown (203.5981.40), JavaScript and TypeScript (203.5981.40), JavaScript Intention Power Pack (203.5981.40), JavaScript Debugger (203.5981.40), TSLint (203.5981.40), Database Tools and SQL (203.5981.40), CoffeeScript (203.5981.40), HTTP Client (203.5981.40), CIDR-Markdown (203.5981.40), CLion IntelliLang (203.5981.40) 
2020-11-25 11:06:15,439 [   1312]   INFO - m.intellij.util.io.StorageLock - lower=100; upper=500; buffer=10; max=1967 
2020-11-25 11:06:15,446 [   1319]   INFO - tellij.util.io.FileChannelUtil - uninterruptible FileChannels will be used for indexes 
2020-11-25 11:06:15,510 [   1383]   INFO - intellij.diagnostic.JitWatcher - JIT compilation state checking enabled 
2020-11-25 11:06:15,554 [   1427]   INFO - rationStore.ComponentStoreImpl - Registering unknown macros PATH in component PropertiesComponent 
2020-11-25 11:06:15,555 [   1428]   INFO - rationStore.ComponentStoreImpl - Registering unknown macros PATH in component PropertiesComponent 
2020-11-25 11:06:15,588 [   1461]   INFO - lij.diagnostic.DebugLogManager - Set TRACE for the following categories: #com.jetbrains.cidr.cpp.makefile, #System.util.ExternalSystemUtil 
2020-11-25 11:06:15,607 [   1480]   INFO - til.net.ssl.CertificateManager - Default SSL context initialized 
2020-11-25 11:06:15,653 [   1526]   INFO - rains.ide.BuiltInServerManager - built-in server started, port 63342 
2020-11-25 11:06:15,653 [   1526]   INFO - com.intellij.ide.ui.UISettings - Loaded: fontSize=13, fontScale=1.0; restored: fontSize=13, fontScale=1.0 
2020-11-25 11:06:15,674 [   1547]   INFO - com.intellij.ide.ui.UISettings - Loaded: fontSize=11, fontScale=null; restored: fontSize=12, fontScale=1.0 
2020-11-25 11:06:15,674 [   1547]   INFO - com.intellij.ide.ui.UISettings - Loaded: fontSize=11, fontScale=null; restored: fontSize=12, fontScale=1.0 
2020-11-25 11:06:16,279 [   2152]   INFO - cloudConfig.CloudConfigManager - === Start.updateInitStatus === 
2020-11-25 11:06:16,291 [   2164]   INFO - cloudConfig.CloudConfigManager - === Start: JBA_NOT_CONNECTED (0ms) === 
2020-11-25 11:06:16,290 [   2163]   INFO - cloudConfig.CloudConfigManager - === calculateInitStatus === 
2020-11-25 11:06:16,342 [   2215]   INFO - pl.local.NativeFileWatcherImpl - Starting file watcher: C:\Users\FEisinger\AppData\Local\JetBrains\Toolbox\apps\CLion\ch-0\203.5981.40\bin\fsnotifier64.exe 
2020-11-25 11:06:16,365 [   2238]   INFO - pl.local.NativeFileWatcherImpl - Native file watcher is operational. 
2020-11-25 11:06:16,367 [   2240]   INFO - pi.vfs.impl.wsl.WslFileWatcher - WSL file watcher: C:\Users\FEisinger\AppData\Local\JetBrains\Toolbox\apps\CLion\ch-0\203.5981.40\bin\fsnotifier-wsl 
2020-11-25 11:06:16,686 [   2559]   INFO - leBasedIndexDataInitialization - Initialization done: 1041 
2020-11-25 11:06:16,709 [   2582]   INFO - .cloudConfig.CloudConfigClient - === Get cloud config URL: https://cloudconfig.jetbrains.com/cloudconfig/files === 
2020-11-25 11:06:16,744 [   2617]   INFO - BridgeProjectLifecycleListener - Using workspace model to open project 
2020-11-25 11:06:17,012 [   2885]   INFO - cloudConfig.CloudConfigManager - === calculateInitStatus.value: JBA_NOT_CONNECTED === 
2020-11-25 11:06:17,034 [   2907]   INFO - exImpl$StubIndexInitialization - Initialization done: 347 
2020-11-25 11:06:17,329 [   3202]   INFO - penapi.application.Experiments - Experimental features enabled for user: wsl.p9.support, wsl.p9.show.roots.in.file.chooser, wsl.execute.with.wsl.exe, inline.browse.button, linux.native.menu, recent.and.edited.files.together, show.create.new.element.in.popup, search.everywhere.mixed.results, copy.reference.popup, i18n.match.actions, edit.run.configurations.while.dumb, new.large.text.file.viewer, problems.view.project.errors.enabled, terminal.shell.command.handling 
2020-11-25 11:06:17,331 [   3204]   INFO - penapi.application.Experiments - Experimental feature 'editor.reader.mode' is now turned OFF 
2020-11-25 11:06:17,488 [   3361]   INFO - rojectCodeStyleSettingsManager - Initialized from default code style settings. 
2020-11-25 11:06:17,544 [   3417]   INFO - on.JpsProjectModelSynchronizer - Workspace model loaded without cache. Loading real project state into workspace model. Thread[ApplicationImpl pooled thread 12,4,Idea Thread Group] 
2020-11-25 11:06:18,366 [   4239]   INFO -              PerformancePlugin - Performance Plugin is in silent mode 
2020-11-25 11:06:18,669 [   4542]   INFO - om.jetbrains.cidr.cpp.makefile - Opening Makefile "clion" project 
2020-11-25 11:06:18,949 [   4822]   INFO - pl.ProjectRootManagerComponent - project roots have changed (trace_hash = -1357810832) 
java.lang.Throwable
	at com.intellij.openapi.roots.impl.ProjectRootManagerComponent.synchronizeRoots(ProjectRootManagerComponent.java:305)
	at com.intellij.openapi.roots.impl.ProjectRootManagerComponent.fireRootsChangedEvent(ProjectRootManagerComponent.java:205)
	at com.intellij.openapi.roots.impl.ProjectRootManagerImpl.fireRootsChanged(ProjectRootManagerImpl.java:459)
	at com.intellij.openapi.roots.impl.ProjectRootManagerImpl$1.fireRootsChanged(ProjectRootManagerImpl.java:146)
	at com.intellij.openapi.roots.impl.ProjectRootManagerImpl$1.fireRootsChanged(ProjectRootManagerImpl.java:143)
	at com.intellij.openapi.roots.impl.ProjectRootManagerImpl$BatchSession.lambda$levelDown$0(ProjectRootManagerImpl.java:89)
	at com.intellij.openapi.application.WriteAction.run(WriteAction.java:102)
	at com.intellij.openapi.roots.impl.ProjectRootManagerImpl$BatchSession.levelDown(ProjectRootManagerImpl.java:89)
	at com.intellij.openapi.roots.impl.ProjectRootManagerImpl.mergeRootsChangesDuring(ProjectRootManagerImpl.java:405)
	at com.jetbrains.cidr.external.system.workspace.ExternalWorkspace$initialize$1.run(ExternalWorkspace.kt:92)
	at com.intellij.openapi.application.impl.ApplicationImpl.runWriteAction(ApplicationImpl.java:1000)
	at com.jetbrains.cidr.external.system.workspace.ExternalWorkspace.initialize(ExternalWorkspace.kt:90)
	at com.jetbrains.cidr.cpp.makefile.MakefileUtil.linkMakefileProject(MakefileUtil.kt:185)
	at com.jetbrains.cidr.cpp.makefile.wizard.MakefileProjectOpenProcessor.doOpenProject(MakefileProjectOpenProcessor.kt:31)
	at com.intellij.ide.impl.ProjectUtil.lambda$chooseProcessorAndOpen$7(ProjectUtil.java:255)
	at com.intellij.openapi.application.TransactionGuardImpl.runWithWritingAllowed(TransactionGuardImpl.java:216)
	at com.intellij.openapi.application.TransactionGuardImpl.access$200(TransactionGuardImpl.java:24)
	at com.intellij.openapi.application.TransactionGuardImpl$2.run(TransactionGuardImpl.java:199)
	at com.intellij.openapi.application.impl.ApplicationImpl.runIntendedWriteActionOnCurrentThread(ApplicationImpl.java:822)
	at com.intellij.openapi.application.impl.ApplicationImpl.lambda$invokeAndWait$8(ApplicationImpl.java:476)
	at com.intellij.openapi.application.impl.LaterInvocator$1.run(LaterInvocator.java:126)
	at com.intellij.openapi.application.impl.FlushQueue.doRun(FlushQueue.java:85)
	at com.intellij.openapi.application.impl.FlushQueue.runNextEvent(FlushQueue.java:134)
	at com.intellij.openapi.application.impl.FlushQueue.flushNow(FlushQueue.java:47)
	at com.intellij.openapi.application.impl.FlushQueue$FlushNow.run(FlushQueue.java:190)
	at java.desktop/java.awt.event.InvocationEvent.dispatch(InvocationEvent.java:313)
	at java.desktop/java.awt.EventQueue.dispatchEventImpl(EventQueue.java:776)
	at java.desktop/java.awt.EventQueue$4.run(EventQueue.java:727)
	at java.desktop/java.awt.EventQueue$4.run(EventQueue.java:721)
	at java.base/java.security.AccessController.doPrivileged(Native Method)
	at java.base/java.security.ProtectionDomain$JavaSecurityAccessImpl.doIntersectionPrivilege(ProtectionDomain.java:85)
	at java.desktop/java.awt.EventQueue.dispatchEvent(EventQueue.java:746)
	at com.intellij.ide.IdeEventQueue.defaultDispatchEvent(IdeEventQueue.java:976)
	at com.intellij.ide.IdeEventQueue._dispatchEvent(IdeEventQueue.java:843)
	at com.intellij.ide.IdeEventQueue.lambda$dispatchEvent$8(IdeEventQueue.java:454)
	at com.intellij.openapi.progress.impl.CoreProgressManager.computePrioritized(CoreProgressManager.java:773)
	at com.intellij.ide.IdeEventQueue.lambda$dispatchEvent$9(IdeEventQueue.java:453)
	at com.intellij.openapi.application.impl.ApplicationImpl.runIntendedWriteActionOnCurrentThread(ApplicationImpl.java:822)
	at com.intellij.ide.IdeEventQueue.dispatchEvent(IdeEventQueue.java:501)
	at java.desktop/java.awt.EventDispatchThread.pumpOneEventForFilters(EventDispatchThread.java:203)
	at java.desktop/java.awt.EventDispatchThread.pumpEventsForFilter(EventDispatchThread.java:124)
	at java.desktop/java.awt.EventDispatchThread.pumpEventsForHierarchy(EventDispatchThread.java:113)
	at java.desktop/java.awt.EventDispatchThread.pumpEvents(EventDispatchThread.java:109)
	at java.desktop/java.awt.EventDispatchThread.pumpEvents(EventDispatchThread.java:101)
	at java.desktop/java.awt.EventDispatchThread.run(EventDispatchThread.java:90)
2020-11-25 11:06:19,078 [   4951]   INFO - oudConfig.StatusBarInfoManager - === StatusBar.update another widget: null === 
2020-11-25 11:06:19,078 [   4951]   INFO - cloudConfig.CloudConfigManager - === End.updateInitStatus === 
2020-11-25 11:06:19,084 [   4957]   INFO - gs.impl.UpdateCheckerComponent - channel: eap 
2020-11-25 11:06:19,415 [   5288]   INFO - System.util.ExternalSystemUtil - External project [D:/clion] resolution task started 
2020-11-25 11:06:19,511 [   5384]   INFO - pl.projectlevelman.NewMappings - VCS Root: [Git] - [D:/clion] 
2020-11-25 11:06:19,642 [   5515]   INFO - ge.ExternalProjectsDataStorage - Load external projects data in 431 millis (read time: 354) 
2020-11-25 11:06:19,652 [   5525]   INFO -  #git4idea.commands.GitHandler - [.] git version 
2020-11-25 11:06:19,739 [   5612]   INFO -  #git4idea.commands.GitHandler - git version 2.29.2.windows.2 
2020-11-25 11:06:19,753 [   5626]   INFO - ea.config.GitExecutableManager - Git version for C:\Program Files\Git\cmd\git.exe: 2.29.2.0 (MSYS) 
2020-11-25 11:06:19,776 [   5649]   INFO - ngd.lsp.ClangDaemonContextImpl - Using clangd from: C:\Users\FEisinger\AppData\Local\JetBrains\Toolbox\apps\CLion\ch-0\203.5981.40\bin\clang\win\clangd.exe 
2020-11-25 11:06:19,787 [   5660]  DEBUG - om.jetbrains.cidr.cpp.makefile - Makefile analysis started at: 11:06:19 id: analysis:48e34635-2778-4947-8aa9-b4771fc61b2f 
2020-11-25 11:06:20,152 [   6025]   INFO - ProjectRootPostStartUpActivity - D:/clion/.idea case-sensitivity: expected=false actual=false 
2020-11-25 11:06:20,170 [   6043]   INFO - j.ide.script.IdeStartupScripts - 0 startup script(s) found 
2020-11-25 11:06:20,239 [   6112]   INFO - .diagnostic.PerformanceWatcher - Post-startup activities under progress took 1744ms; general responsiveness: ok; EDT responsiveness: 0/2 sluggish, 1/2 very slow 
2020-11-25 11:06:22,035 [   7908]   INFO - om.jetbrains.cidr.cpp.makefile - MakefileResolverState: Starting make: make clean 
2020-11-25 11:06:22,101 [   7974]   INFO - oudConfig.StatusBarInfoManager - === StatusBar.start create === 
2020-11-25 11:06:22,122 [   7995]  DEBUG - om.jetbrains.cidr.cpp.makefile - : Make started: make clean 
2020-11-25 11:06:22,189 [   8062]   INFO - ctest.CTestProjectTestsUpdater - No selected configuration 
2020-11-25 11:06:22,411 [   8284]   INFO - tor.impl.FileEditorManagerImpl - Project opening took 5742 ms 
2020-11-25 11:06:22,453 [   8326]   INFO - llij.database.util.SqlDialects - SQL dialects initialized in 1 ms 
2020-11-25 11:06:22,494 [   8367]  DEBUG - om.jetbrains.cidr.cpp.makefile - : Make terminated. Exit code = 0 
2020-11-25 11:06:22,496 [   8369]  DEBUG - om.jetbrains.cidr.cpp.makefile - Channel closed. Coroutine name = CoroutineName(project analyzer CLEAN) 
2020-11-25 11:06:22,509 [   8382]  DEBUG - om.jetbrains.cidr.cpp.makefile - Analyzer stage CLEAN succeeded 
2020-11-25 11:06:22,511 [   8384]   INFO - om.jetbrains.cidr.cpp.makefile - MakefileResolverState: Starting make: make --just-print --print-directory --keep-going all 
2020-11-25 11:06:22,523 [   8396]  DEBUG - om.jetbrains.cidr.cpp.makefile - MkMakeOutputParsingAnalyzer: make started: make --just-print --print-directory --keep-going all 
2020-11-25 11:06:22,632 [   8505]  DEBUG - om.jetbrains.cidr.cpp.makefile - MkMakeOutputParsingAnalyzer: make about to terminate (willBeDestroyed = true).  
2020-11-25 11:06:22,632 [   8505]  DEBUG - om.jetbrains.cidr.cpp.makefile - MkMakeOutputParsingAnalyzer: make terminated. Exit code = 0 
2020-11-25 11:06:22,664 [   8537]  DEBUG - om.jetbrains.cidr.cpp.makefile - Makefile analyzer message (stage: MAKE_OUTPUT): CompilationCommand(directory=/d/clion, args=[g++, -I, src, -std=c++17, -c, -MMD, -MP, -MF, build/src/hello.d, -o, build/src/hello.o, src/hello.cpp]) 
2020-11-25 11:06:22,665 [   8538]  DEBUG - om.jetbrains.cidr.cpp.makefile - Makefile analyzer message (stage: MAKE_OUTPUT): CompilationCommand(directory=/d/clion, args=[g++, -I, src, -std=c++17, -c, -MMD, -MP, -MF, build/src/string.d, -o, build/src/string.o, src/string.cpp]) 
2020-11-25 11:06:22,665 [   8538]  DEBUG - om.jetbrains.cidr.cpp.makefile - Makefile analyzer message (stage: MAKE_OUTPUT): CompilationCommand(directory=/d/clion, args=[g++, -I, src, -std=c++17, build/src/hello.o, build/src/string.o, -o, build/hello_world.dll.dll]) 
2020-11-25 11:06:22,676 [   8549]  DEBUG - om.jetbrains.cidr.cpp.makefile - Channel closed. Coroutine name = CoroutineName(project analyzer MAKE_OUTPUT) 
2020-11-25 11:06:22,676 [   8549]  DEBUG - om.jetbrains.cidr.cpp.makefile - Analyzer stage MAKE_OUTPUT succeeded 
2020-11-25 11:06:22,807 [   8680]  DEBUG - om.jetbrains.cidr.cpp.makefile - Makefile analyzer message (stage: BUILD_TARGETS): com.jetbrains.cidr.cpp.makefile.project.resolver.messages.UnexpectedStdout(Unexpected make output: 
!:: = ::# environment) 
2020-11-25 11:06:22,807 [   8680]   INFO - om.jetbrains.cidr.cpp.makefile - make stdout> !:: = ::# environment 
2020-11-25 11:06:22,809 [   8682]  DEBUG - om.jetbrains.cidr.cpp.makefile - constructor parsed command line: command line=[{ myType = INCLUDE, myValues = [src] }, { myType = STD, myValues = [c++17] }, { myType = UNKNOWN, myValues = [] }, { myType = UNKNOWN, myValues = [] }, { myType = UNKNOWN, myValues = [] }, { myType = UNKNOWN, myValues = [build/src/hello.d] }, { myType = OUTPUT, myValues = [build/src/hello.o] }, { myType = INPUT, myValues = [src/hello.cpp] }] 
2020-11-25 11:06:22,809 [   8682]   INFO - om.jetbrains.cidr.cpp.makefile - make stdout> vpath %.cpp src 
2020-11-25 11:06:22,810 [   8683]   INFO - om.jetbrains.cidr.cpp.makefile - make stdout> vpath %.h src 
2020-11-25 11:06:22,810 [   8683]   INFO - om.jetbrains.cidr.cpp.makefile - make stdout> vpath %.sh tools 
2020-11-25 11:06:22,810 [   8683]  DEBUG - om.jetbrains.cidr.cpp.makefile - Makefile analyzer message (stage: BUILD_TARGETS): com.jetbrains.cidr.cpp.makefile.project.resolver.messages.UnexpectedStdout(Unexpected make output: 
vpath %.cpp src) 
2020-11-25 11:06:22,810 [   8683]  DEBUG - om.jetbrains.cidr.cpp.makefile - Makefile analyzer message (stage: BUILD_TARGETS): com.jetbrains.cidr.cpp.makefile.project.resolver.messages.UnexpectedStdout(Unexpected make output: 
vpath %.h src) 
2020-11-25 11:06:22,810 [   8683]  DEBUG - om.jetbrains.cidr.cpp.makefile - Makefile analyzer message (stage: BUILD_TARGETS): com.jetbrains.cidr.cpp.makefile.project.resolver.messages.UnexpectedStdout(Unexpected make output: 
vpath %.sh tools) 
2020-11-25 11:06:22,811 [   8684]  DEBUG - om.jetbrains.cidr.cpp.makefile - Makefile analyzer message (stage: BUILD_TARGETS): com.jetbrains.cidr.cpp.makefile.project.resolver.messages.UnexpectedStdout(Unexpected make output: 
vpath %.o build) 
2020-11-25 11:06:22,810 [   8683]   INFO - om.jetbrains.cidr.cpp.makefile - make stdout> vpath %.o build 
2020-11-25 11:06:22,811 [   8684]   INFO - om.jetbrains.cidr.cpp.makefile - make stdout> vpath %.d build 
2020-11-25 11:06:22,811 [   8684]  DEBUG - om.jetbrains.cidr.cpp.makefile - Makefile analyzer message (stage: BUILD_TARGETS): com.jetbrains.cidr.cpp.makefile.project.resolver.messages.UnexpectedStdout(Unexpected make output: 
vpath %.d build) 
2020-11-25 11:06:22,815 [   8688]  DEBUG - om.jetbrains.cidr.cpp.makefile - Makefile analyzer message (stage: BUILD_TARGETS): BuildTarget(target=lib, isPhony=false, isImplicit=false) 
2020-11-25 11:06:22,816 [   8689]  DEBUG - om.jetbrains.cidr.cpp.makefile - Makefile analyzer message (stage: BUILD_TARGETS): BuildTarget(target=clean, isPhony=false, isImplicit=false) 
2020-11-25 11:06:22,816 [   8689]  DEBUG - om.jetbrains.cidr.cpp.makefile - Makefile analyzer message (stage: BUILD_TARGETS): BuildTarget(target=all, isPhony=false, isImplicit=false) 
2020-11-25 11:06:22,816 [   8689]  DEBUG - om.jetbrains.cidr.cpp.makefile - Makefile analyzer message (stage: BUILD_TARGETS): BuildTarget(target=compiledb.sh, isPhony=false, isImplicit=false) 
2020-11-25 11:06:22,816 [   8689]  DEBUG - om.jetbrains.cidr.cpp.makefile - Makefile analyzer message (stage: BUILD_TARGETS): BuildTarget(target=compile_commands.json, isPhony=false, isImplicit=false) 
2020-11-25 11:06:22,815 [   8688]  DEBUG - om.jetbrains.cidr.cpp.makefile - Channel closed. Coroutine name = CoroutineName(project analyzer BUILD_TARGETS) 
2020-11-25 11:06:22,816 [   8689]  DEBUG - om.jetbrains.cidr.cpp.makefile - Makefile analyzer message (stage: BUILD_TARGETS): BuildTarget(target=%.h, isPhony=false, isImplicit=true) 
2020-11-25 11:06:22,817 [   8690]  DEBUG - om.jetbrains.cidr.cpp.makefile - Makefile analyzer message (stage: BUILD_TARGETS): BuildTarget(target=.SILENT, isPhony=false, isImplicit=true) 
2020-11-25 11:06:22,817 [   8690]  DEBUG - om.jetbrains.cidr.cpp.makefile - constructor parsed command line: command line=[{ myType = INCLUDE, myValues = [src] }, { myType = STD, myValues = [c++17] }, { myType = UNKNOWN, myValues = [] }, { myType = UNKNOWN, myValues = [] }, { myType = UNKNOWN, myValues = [] }, { myType = UNKNOWN, myValues = [build/src/string.d] }, { myType = OUTPUT, myValues = [build/src/string.o] }, { myType = INPUT, myValues = [src/string.cpp] }] 
2020-11-25 11:06:22,817 [   8690]  DEBUG - om.jetbrains.cidr.cpp.makefile - Makefile analyzer message (stage: BUILD_TARGETS): BuildTarget(target=.DEFAULT, isPhony=false, isImplicit=true) 
2020-11-25 11:06:22,818 [   8691]  DEBUG - om.jetbrains.cidr.cpp.makefile - Analyzer stage BUILD_TARGETS succeeded 
2020-11-25 11:06:22,818 [   8691]  DEBUG - om.jetbrains.cidr.cpp.makefile - Makefile constructor message: com.jetbrains.cidr.cpp.makefile.project.resolver.messages.CommandParseError(Incorrect directory specified: '/d/clion'. 
Command 'g++ -I src -std=c++17 -c -MMD -MP -MF build/src/hello.d -o build/src/hello.o src/hello.cpp') 
2020-11-25 11:06:22,819 [   8692]  DEBUG - om.jetbrains.cidr.cpp.makefile - Makefile constructor message: com.jetbrains.cidr.cpp.makefile.project.resolver.messages.CommandParseError(Incorrect directory specified: '/d/clion'. 
Command 'g++ -I src -std=c++17 -c -MMD -MP -MF build/src/string.d -o build/src/string.o src/string.cpp') 
2020-11-25 11:06:22,818 [   8691]  DEBUG - om.jetbrains.cidr.cpp.makefile - Analyzer overall succeeded 
2020-11-25 11:06:22,819 [   8692]  DEBUG - om.jetbrains.cidr.cpp.makefile - constructor parsed command line: command line=[{ myType = INCLUDE, myValues = [src] }, { myType = STD, myValues = [c++17] }, { myType = INPUT, myValues = [build/src/hello.o] }, { myType = INPUT, myValues = [build/src/string.o] }, { myType = OUTPUT, myValues = [build/hello_world.dll.dll] }] 
2020-11-25 11:06:22,819 [   8692]  DEBUG - om.jetbrains.cidr.cpp.makefile - Channel closed. Coroutine name = CoroutineName(project analyzer wrapper) 
2020-11-25 11:06:22,820 [   8693]  DEBUG - om.jetbrains.cidr.cpp.makefile - Makefile construct started at: 11:06:22 id: construct:3b291a08-68e3-4d05-bd14-7ba65a59e481 
2020-11-25 11:06:22,822 [   8695]  DEBUG - om.jetbrains.cidr.cpp.makefile - Channel closed. Coroutine name = CoroutineName(project constructor) 
2020-11-25 11:06:22,822 [   8695]  DEBUG - om.jetbrains.cidr.cpp.makefile - Makefile constructor message: com.jetbrains.cidr.cpp.makefile.project.resolver.messages.LinkCommandError(Command was recognized as linker command: 'g++ -I src -std=c++17 build/src/hello.o build/src/string.o -o build/hello_world.dll.dll') 
2020-11-25 11:06:22,822 [   8695]  DEBUG - om.jetbrains.cidr.cpp.makefile - Makefile constructor message: com.jetbrains.cidr.cpp.makefile.project.resolver.messages.ConstructorAnalysisStatus(Unexpected make output: 
!:: = ::# environment) 
2020-11-25 11:06:22,823 [   8696]  DEBUG - om.jetbrains.cidr.cpp.makefile - Makefile constructor message: com.jetbrains.cidr.cpp.makefile.project.resolver.messages.ConstructorAnalysisStatus(Unexpected make output: 
vpath %.cpp src) 
2020-11-25 11:06:22,823 [   8696]  DEBUG - om.jetbrains.cidr.cpp.makefile - Makefile constructor message: com.jetbrains.cidr.cpp.makefile.project.resolver.messages.ConstructorAnalysisStatus(Unexpected make output: 
vpath %.h src) 
2020-11-25 11:06:22,823 [   8696]  DEBUG - om.jetbrains.cidr.cpp.makefile - Makefile constructor message: com.jetbrains.cidr.cpp.makefile.project.resolver.messages.ConstructorAnalysisStatus(Unexpected make output: 
vpath %.sh tools) 
2020-11-25 11:06:22,823 [   8696]  DEBUG - om.jetbrains.cidr.cpp.makefile - Makefile constructor message: com.jetbrains.cidr.cpp.makefile.project.resolver.messages.ConstructorAnalysisStatus(Unexpected make output: 
vpath %.o build) 
2020-11-25 11:06:22,823 [   8696]  DEBUG - om.jetbrains.cidr.cpp.makefile - Makefile constructor message: com.jetbrains.cidr.cpp.makefile.project.resolver.messages.ConstructorAnalysisStatus(Unexpected make output: 
vpath %.d build) 
2020-11-25 11:06:22,823 [   8696]  DEBUG - om.jetbrains.cidr.cpp.makefile - Makefile constructor message: com.jetbrains.cidr.cpp.makefile.project.resolver.messages.ConstructorAnalysisStatus(Makefile analysis finished. Success = true) 
2020-11-25 11:06:22,823 [   8696]  DEBUG - om.jetbrains.cidr.cpp.makefile - Makefile constructor message: ModuleStructureMessage(moduleStructure=ModuleData: clion) 
2020-11-25 11:06:22,824 [   8697]  DEBUG - om.jetbrains.cidr.cpp.makefile - Channel closed. Coroutine name = CoroutineName(project constructor wrapper) 
2020-11-25 11:06:22,825 [   8698]  DEBUG - om.jetbrains.cidr.cpp.makefile - Makefile analysis finished at: 11:06:22 id: analysis:48e34635-2778-4947-8aa9-b4771fc61b2f
result: success 
2020-11-25 11:06:22,825 [   8698]  DEBUG - om.jetbrains.cidr.cpp.makefile - Makefile construct finished at: 11:06:22 id: construct:3b291a08-68e3-4d05-bd14-7ba65a59e481
result: success 
2020-11-25 11:06:22,837 [   8710]   INFO - System.util.ExternalSystemUtil - External project [D:/clion] resolution task executed in 3421 ms. 
2020-11-25 11:06:22,842 [   8715]   INFO - .diagnostic.PerformanceWatcher - Pushing properties took 458ms; general responsiveness: ok; EDT responsiveness: ok 
2020-11-25 11:06:23,315 [   9188]   INFO - ge.ExternalProjectsDataStorage - Save external projects data in 11 ms 
2020-11-25 11:06:23,597 [   9470]   INFO - .diagnostic.PerformanceWatcher - Indexable file iteration took 755ms; general responsiveness: ok; EDT responsiveness: ok 
2020-11-25 11:06:23,616 [   9489]   INFO - indexing.UnindexedFilesUpdater - Unindexed files update started: 3 files to index 
2020-11-25 11:06:23,619 [   9492]   INFO - indexing.UnindexedFilesUpdater - Using 4 threads for indexing 
2020-11-25 11:06:23,735 [   9608]   INFO - rationStore.ComponentStoreImpl - Saving Project(name=clion, containerState=COMPONENT_CREATED, componentStore=D:\clion)RunManager took 370 ms, XDebuggerManager took 12 ms 
2020-11-25 11:06:23,860 [   9733]   INFO - .diagnostic.PerformanceWatcher - Unindexed files update took 243ms; general responsiveness: ok; EDT responsiveness: 1/1 sluggish 
2020-11-25 11:06:23,864 [   9737]   INFO - snapshot.SnapshotInputMappings - Snapshot mappings stats for TodoIndex. requests: 0, hits: 0, misses: 0 
2020-11-25 11:06:23,864 [   9737]   INFO - snapshot.SnapshotInputMappings - Snapshot mappings stats for IdIndex. requests: 0, hits: 0, misses: 0 
2020-11-25 11:06:23,865 [   9738]   INFO - snapshot.SnapshotInputMappings - Snapshot mappings stats for Trigram.Index. requests: 0, hits: 0, misses: 0 
2020-11-25 11:06:23,865 [   9738]   INFO - snapshot.SnapshotInputMappings - Snapshot mappings stats for HashFragmentIndex. requests: 0, hits: 0, misses: 0 
2020-11-25 11:06:23,925 [   9798]   INFO - .diagnostic.PerformanceWatcher - Pushing properties took 2ms; general responsiveness: ok; EDT responsiveness: ok 
2020-11-25 11:06:23,929 [   9802]   INFO - .diagnostic.PerformanceWatcher - Indexable file iteration took 4ms; general responsiveness: ok; EDT responsiveness: ok 
2020-11-25 11:06:23,929 [   9802]   INFO - indexing.UnindexedFilesUpdater - Unindexed files update started: 0 files to index 
2020-11-25 11:06:23,945 [   9818]   INFO -       #com.jetbrains.cidr.lang - Clearing symbols finished in 2 ms 
2020-11-25 11:06:23,961 [   9834]   INFO -       #com.jetbrains.cidr.lang - Loading Header Maps finished in 15 ms 
2020-11-25 11:06:23,969 [   9842]   INFO -       #com.jetbrains.cidr.lang - Loading Headers Search Roots finished in 2 ms 
2020-11-25 11:06:23,999 [   9872]   INFO - .jetbrains.cidr.lang.modulemap - Loaded 0 module maps in 0 packs for 0 search roots 
2020-11-25 11:06:24,000 [   9873]   INFO -       #com.jetbrains.cidr.lang - Loading Module Maps finished in 31 ms 
2020-11-25 11:06:24,168 [  10041]   INFO -       #com.jetbrains.cidr.lang - Loaded 0 tables for 0 files (0 project files) 
2020-11-25 11:06:24,169 [  10042]   INFO -       #com.jetbrains.cidr.lang - Loading symbols finished in 168 ms 
2020-11-25 11:06:24,176 [  10049]   INFO - .jetbrains.cidr.lang.modulemap - Building module maps for 0 (root, configuration) pairs 
2020-11-25 11:06:24,181 [  10054]   INFO -       #com.jetbrains.cidr.lang - Building module maps finished in 1 ms 
2020-11-25 11:06:24,182 [  10055]   INFO -       #com.jetbrains.cidr.lang - Processing module maps finished in 1 ms 
2020-11-25 11:06:24,183 [  10056]   INFO -       #com.jetbrains.cidr.lang - Saved 0 module maps in 0 packs 
2020-11-25 11:06:24,187 [  10060]   INFO -       #com.jetbrains.cidr.lang - Saving Module Maps finished in 5 ms 
2020-11-25 11:06:24,188 [  10061]   INFO -       #com.jetbrains.cidr.lang - Building symbols for 0 source files 
2020-11-25 11:06:24,195 [  10068]   INFO -       #com.jetbrains.cidr.lang - Updating symbols finished in 1 ms 
2020-11-25 11:06:24,195 [  10068]   INFO -       #com.jetbrains.cidr.lang - Building symbols for 0 unused headers 
2020-11-25 11:06:24,196 [  10069]   INFO -       #com.jetbrains.cidr.lang - Updating symbols finished in 0 ms 
2020-11-25 11:06:24,196 [  10069]   INFO -       #com.jetbrains.cidr.lang - Updating symbols finished in 0 ms 
2020-11-25 11:06:24,197 [  10070]   INFO -       #com.jetbrains.cidr.lang - Building symbols in FAST mode, 0 source files from total 0 project files 
2020-11-25 11:06:24,200 [  10073]   INFO -       #com.jetbrains.cidr.lang - Saving modified symbols for 0 files (0 tables of total 0) 
2020-11-25 11:06:24,202 [  10075]   INFO -       #com.jetbrains.cidr.lang - Saving symbols finished in 5 ms 
2020-11-25 11:06:27,329 [  13202]   INFO - gnostic.WindowsDefenderChecker - Windows Defender status: Failed to get excluded patterns 
2020-11-25 11:06:32,512 [  18385]   INFO - oader.EventLogExternalUploader - Started external process for uploading event log 
2020-11-25 11:06:32,940 [  18813]   INFO - pl.local.NativeFileWatcherImpl - Watcher terminated with exit code 0 
2020-11-25 11:06:32,941 [  18814]   INFO - .impl.FileTypeDetectionService - 0 auto-detected files. Detection took 0 ms 
2020-11-25 11:06:32,943 [  18816]   INFO - org.jetbrains.io.BuiltInServer - web server stopped 
2020-11-25 11:06:32,988 [  18861]   INFO - il.indexing.FileBasedIndexImpl - START INDEX SHUTDOWN 
2020-11-25 11:06:33,007 [  18880]   INFO - tellij.psi.stubs.StubIndexImpl - StubIndexExtension-s were unloaded 
2020-11-25 11:06:33,013 [  18886]   INFO - il.indexing.FileBasedIndexImpl - END INDEX SHUTDOWN 
2020-11-25 11:06:33,014 [  18887]   INFO - newvfs.persistent.PersistentFS - VFS dispose started 
2020-11-25 11:06:33,055 [  18928]   INFO - newvfs.persistent.PersistentFS - VFS dispose completed 
2020-11-25 11:06:33,055 [  18928]   INFO - stubs.SerializationManagerImpl - Start shutting down C:\Users\FEisinger\AppData\Local\JetBrains\CLion2020.3\index\rep.names 
2020-11-25 11:06:33,056 [  18929]   INFO - stubs.SerializationManagerImpl - Finished shutting down C:\Users\FEisinger\AppData\Local\JetBrains\CLion2020.3\index\rep.names 
2020-11-25 11:06:33,057 [  18930]   INFO -        #com.intellij.idea.Main - ------------------------------------------------------ IDE SHUTDOWN ------------------------------------------------------ 
2020-11-25 11:06:33,059 [  18932]   INFO - org.jetbrains.io.BuiltInServer - web server stopped 
